<?xml version="1.0" encoding="UTF-8"?>
<!-- Generated by org.testng.reporters.JUnitReportReporter -->
<testsuite hostname="LAPTOP-ALOSCT3M" failures="0" tests="5" name="testcases.Test1" time="44.079" errors="0" timestamp="31 Jul 2022 21:59:53 GMT" skipped="4">
  <testcase classname="testcases.Test1" name="verifyTable" time="44.079"/>
  <testcase classname="testcases.Test1" name="verifyExpandVideo">
    <skipped/>
  </testcase> <!-- verifyExpandVideo -->
  <testcase classname="testcases.Test1" name="verifyColor">
    <skipped/>
  </testcase> <!-- verifyColor -->
  <testcase classname="testcases.Test1" name="verifyData">
    <skipped/>
  </testcase> <!-- verifyData -->
  <testcase classname="testcases.Test1" name="verifyImageButtons">
    <skipped/>
  </testcase> <!-- verifyImageButtons -->
</testsuite> <!-- testcases.Test1 -->
