<?xml version="1.0" encoding="UTF-8"?>
<!-- Generated by org.testng.reporters.JUnitReportReporter -->
<testsuite hostname="LAPTOP-ALOSCT3M" failures="0" tests="23" name="testcases.Test2" time="14.092" errors="0" timestamp="01 Aug 2022 21:58:03 GMT" skipped="1">
  <testcase classname="testcases.Test2" name="testTwoPost" time="0.595"/>
  <testcase classname="testcases.Test2" name="testTwoPost" time="0.520"/>
  <testcase classname="testcases.Test2" name="testTwoPost" time="0.593"/>
  <testcase classname="testcases.Test2" name="testTwoPost" time="0.596"/>
  <testcase classname="testcases.Test2" name="testTwoPost" time="0.591"/>
  <testcase classname="testcases.Test2" name="testTwoPost" time="0.534"/>
  <testcase classname="testcases.Test2" name="testTwoPost" time="0.588"/>
  <testcase classname="testcases.Test2" name="testTwoPost" time="0.516"/>
  <testcase classname="testcases.Test2" name="testTwoPost" time="0.525"/>
  <testcase classname="testcases.Test2" name="testTwoPost" time="2.286"/>
  <testcase classname="testcases.Test2" name="testTwoGet" time="0.518"/>
  <testcase classname="testcases.Test2" name="testTwoGet" time="0.589"/>
  <testcase classname="testcases.Test2" name="testTwoGet" time="0.514"/>
  <testcase classname="testcases.Test2" name="testTwoGet" time="0.575"/>
  <testcase classname="testcases.Test2" name="testTwoGet" time="0.523"/>
  <testcase classname="testcases.Test2" name="testTwoGet" time="0.577"/>
  <testcase classname="testcases.Test2" name="testTwoGet" time="0.530"/>
  <testcase classname="testcases.Test2" name="testTwoGet" time="0.584"/>
  <testcase classname="testcases.Test2" name="testTwoGet" time="0.592"/>
  <testcase classname="testcases.Test2" name="testTwoGet" time="0.575"/>
  <testcase classname="testcases.Test2" name="testTwoGet" time="0.586"/>
  <testcase classname="testcases.Test2" name="testTwoGet" time="0.585"/>
  <testcase classname="testcases.Test2" name="testTwoPostPrereq">
    <skipped/>
  </testcase> <!-- testTwoPostPrereq -->
</testsuite> <!-- testcases.Test2 -->
