<?xml version="1.0" encoding="UTF-8"?>
<!-- Generated by org.testng.reporters.JUnitReportReporter -->
<testsuite hostname="LAPTOP-ALOSCT3M" failures="0" tests="4" name="testcases.Functions.Test2" time="2.292" errors="0" timestamp="01 Aug 2022 18:12:25 GMT" skipped="3">
  <testcase classname="testcases.Functions.Test2" name="testTwoPost" time="2.292"/>
  <testcase classname="testcases.Functions.Test2" name="testTwo">
    <skipped/>
  </testcase> <!-- testTwo -->
  <testcase classname="testcases.Functions.Test2" name="testTworShort">
    <skipped/>
  </testcase> <!-- testTworShort -->
  <testcase classname="testcases.Functions.Test2" name="testTwoGet">
    <skipped/>
  </testcase> <!-- testTwoGet -->
</testsuite> <!-- testcases.Functions.Test2 -->
